[hadoop@dataserver ~]$ sqoop import --connect jdbc:mysql://localhost:3306/adventureworks?serverTimezone=UTC --username root --password Dsahadoop@1 --hive-import --map-column-hive rowguid=string --target-dir /user/hive/warehouse/adventureworks
Error: Could not find or load main class org.apache.hadoop.hbase.util.GetJavaProperty
2021-05-20 10:29:09,048 INFO sqoop.Sqoop: Running Sqoop version: 1.4.7
2021-05-20 10:29:09,167 WARN tool.BaseSqoopTool: Setting your password on the command-line is insecure. Consider using -P instead.
--table or --query is required for import. (Or use sqoop import-all-tables.)
Try --help for usage instructions.
[hadoop@dataserver ~]$ sqoop import --connect jdbc:mysql://localhost:3306/adventureworks?serverTimezone=UTC --username root --password Dsahadoop@1 --hive-import --table customer --map-column-hive rowguid=string --target-dir /user/hive/warehouse/adventureworks
Error: Could not find or load main class org.apache.hadoop.hbase.util.GetJavaProperty
2021-05-20 10:30:08,713 INFO sqoop.Sqoop: Running Sqoop version: 1.4.7
2021-05-20 10:30:08,830 WARN tool.BaseSqoopTool: Setting your password on the command-line is insecure. Consider using -P instead.
2021-05-20 10:30:08,831 INFO tool.BaseSqoopTool: Using Hive-specific delimiters for output. You can override
2021-05-20 10:30:08,831 INFO tool.BaseSqoopTool: delimiters with --fields-terminated-by, etc.
2021-05-20 10:30:08,831 WARN tool.BaseSqoopTool: It seems that you're doing hive import directly into default
2021-05-20 10:30:08,831 WARN tool.BaseSqoopTool: hive warehouse directory which is not supported. Sqoop is
2021-05-20 10:30:08,831 WARN tool.BaseSqoopTool: firstly importing data into separate directory and then
2021-05-20 10:30:08,831 WARN tool.BaseSqoopTool: inserting data into hive. Please consider removing
2021-05-20 10:30:08,831 WARN tool.BaseSqoopTool: --target-dir or --warehouse-dir into /user/hive/warehouse in
2021-05-20 10:30:08,831 WARN tool.BaseSqoopTool: case that you will detect any issues.
2021-05-20 10:30:09,038 INFO manager.MySQLManager: Preparing to use a MySQL streaming resultset.
2021-05-20 10:30:09,044 INFO tool.CodeGenTool: Beginning code generation
Loading class `com.mysql.jdbc.Driver'. This is deprecated. The new driver class is `com.mysql.cj.jdbc.Driver'. The driver is automatically registered via the SPI and manual loading of the driver class is generally unnecessary.
2021-05-20 10:30:10,262 INFO manager.SqlManager: Executing SQL statement: SELECT t.* FROM `customer` AS t LIMIT 1
2021-05-20 10:30:10,352 INFO manager.SqlManager: Executing SQL statement: SELECT t.* FROM `customer` AS t LIMIT 1
2021-05-20 10:30:10,394 INFO orm.CompilationManager: HADOOP_MAPRED_HOME is /opt/hadoop
Note: /tmp/sqoop-hadoop/compile/8dba003e339bec31a4651d56112faf16/customer.java uses or overrides a deprecated API.
Note: Recompile with -Xlint:deprecation for details.
2021-05-20 10:30:12,428 INFO orm.CompilationManager: Writing jar file: /tmp/sqoop-hadoop/compile/8dba003e339bec31a4651d56112faf16/customer.jar
2021-05-20 10:30:12,448 WARN manager.MySQLManager: It looks like you are importing from mysql.
2021-05-20 10:30:12,448 WARN manager.MySQLManager: This transfer can be faster! Use the --direct
2021-05-20 10:30:12,448 WARN manager.MySQLManager: option to exercise a MySQL-specific fast path.
2021-05-20 10:30:12,448 INFO manager.MySQLManager: Setting zero DATETIME behavior to convertToNull (mysql)
2021-05-20 10:30:12,463 INFO mapreduce.ImportJobBase: Beginning import of customer
2021-05-20 10:30:12,463 INFO Configuration.deprecation: mapred.job.tracker is deprecated. Instead, use mapreduce.jobtracker.address
2021-05-20 10:30:12,671 INFO Configuration.deprecation: mapred.jar is deprecated. Instead, use mapreduce.job.jar
2021-05-20 10:30:13,371 INFO Configuration.deprecation: mapred.map.tasks is deprecated. Instead, use mapreduce.job.maps
2021-05-20 10:30:13,542 INFO client.RMProxy: Connecting to ResourceManager at /0.0.0.0:8032
2021-05-20 10:30:14,242 INFO mapreduce.JobResourceUploader: Disabling Erasure Coding for path: /tmp/hadoop-yarn/staging/hadoop/.staging/job_1621531182691_0002
2021-05-20 10:30:16,226 INFO db.DBInputFormat: Using read commited transaction isolation
2021-05-20 10:30:16,227 INFO db.DataDrivenDBInputFormat: BoundingValsQuery: SELECT MIN(`CustomerID`), MAX(`CustomerID`) FROM `customer`
2021-05-20 10:30:16,230 INFO db.IntegerSplitter: Split size: 7370; Num splits: 4 from: 1 to: 29483
2021-05-20 10:30:16,345 INFO mapreduce.JobSubmitter: number of splits:4
2021-05-20 10:30:16,372 INFO Configuration.deprecation: yarn.resourcemanager.system-metrics-publisher.enabled is deprecated. Instead, use yarn.system-metrics-publisher.enabled
2021-05-20 10:30:16,595 INFO mapreduce.JobSubmitter: Submitting tokens for job: job_1621531182691_0002
2021-05-20 10:30:16,596 INFO mapreduce.JobSubmitter: Executing with tokens: []
2021-05-20 10:30:16,869 INFO conf.Configuration: resource-types.xml not found
2021-05-20 10:30:16,869 INFO resource.ResourceUtils: Unable to find 'resource-types.xml'.
2021-05-20 10:30:16,949 INFO impl.YarnClientImpl: Submitted application application_1621531182691_0002
2021-05-20 10:30:17,057 INFO mapreduce.Job: The url to track the job: http://localhost:8088/proxy/application_1621531182691_0002/
2021-05-20 10:30:17,057 INFO mapreduce.Job: Running job: job_1621531182691_0002
2021-05-20 10:30:26,354 INFO mapreduce.Job: Job job_1621531182691_0002 running in uber mode : false
2021-05-20 10:30:26,356 INFO mapreduce.Job:  map 0% reduce 0%
2021-05-20 10:30:40,678 INFO mapreduce.Job:  map 25% reduce 0%
2021-05-20 10:30:45,823 INFO mapreduce.Job:  map 50% reduce 0%
2021-05-20 10:30:46,835 INFO mapreduce.Job:  map 75% reduce 0%
2021-05-20 10:30:47,844 INFO mapreduce.Job:  map 100% reduce 0%
2021-05-20 10:30:47,862 INFO mapreduce.Job: Job job_1621531182691_0002 completed successfully
2021-05-20 10:30:47,970 INFO mapreduce.Job: Counters: 34
	File System Counters
		FILE: Number of bytes read=0
		FILE: Number of bytes written=919832
		FILE: Number of read operations=0
		FILE: Number of large read operations=0
		FILE: Number of write operations=0
		HDFS: Number of bytes read=483
		HDFS: Number of bytes written=1746278
		HDFS: Number of read operations=24
		HDFS: Number of large read operations=0
		HDFS: Number of write operations=8
		HDFS: Number of bytes read erasure-coded=0
	Job Counters 
		Killed map tasks=1
		Launched map tasks=4
		Other local map tasks=4
		Total time spent by all maps in occupied slots (ms)=62710
		Total time spent by all reduces in occupied slots (ms)=0
		Total time spent by all map tasks (ms)=62710
		Total vcore-milliseconds taken by all map tasks=62710
		Total megabyte-milliseconds taken by all map tasks=64215040
	Map-Reduce Framework
		Map input records=19185
		Map output records=19185
		Input split bytes=483
		Spilled Records=0
		Failed Shuffles=0
		Merged Map outputs=0
		GC time elapsed (ms)=412
		CPU time spent (ms)=6380
		Physical memory (bytes) snapshot=536674304
		Virtual memory (bytes) snapshot=10117267456
		Total committed heap usage (bytes)=243531776
		Peak Map Physical memory (bytes)=138088448
		Peak Map Virtual memory (bytes)=2529583104
	File Input Format Counters 
		Bytes Read=0
	File Output Format Counters 
		Bytes Written=1746278
2021-05-20 10:30:47,987 INFO mapreduce.ImportJobBase: Transferred 1.6654 MB in 34.5846 seconds (49.3096 KB/sec)
2021-05-20 10:30:47,990 INFO mapreduce.ImportJobBase: Retrieved 19185 records.
2021-05-20 10:30:47,990 INFO mapreduce.ImportJobBase: Publishing Hive/Hcat import job data to Listeners for table customer
2021-05-20 10:30:48,072 INFO manager.SqlManager: Executing SQL statement: SELECT t.* FROM `customer` AS t LIMIT 1
2021-05-20 10:30:48,106 WARN hive.TableDefWriter: Column ModifiedDate had to be cast to a less precise type in Hive
2021-05-20 10:30:48,112 INFO hive.HiveImport: Loading uploaded data into Hive
2021-05-20 10:30:48,119 INFO conf.HiveConf: Found configuration file null
2021-05-20 10:30:51,432 INFO hive.HiveImport: SLF4J: Class path contains multiple SLF4J bindings.
2021-05-20 10:30:51,446 INFO hive.HiveImport: SLF4J: Found binding in [jar:file:/opt/hadoop/share/hadoop/common/lib/slf4j-log4j12-1.7.25.jar!/org/slf4j/impl/StaticLoggerBinder.class]
2021-05-20 10:30:51,446 INFO hive.HiveImport: SLF4J: Found binding in [jar:file:/opt/hive/lib/log4j-slf4j-impl-2.10.0.jar!/org/slf4j/impl/StaticLoggerBinder.class]
2021-05-20 10:30:51,446 INFO hive.HiveImport: SLF4J: See http://www.slf4j.org/codes.html#multiple_bindings for an explanation.
2021-05-20 10:30:51,637 INFO hive.HiveImport: SLF4J: Actual binding is of type [org.slf4j.impl.Log4jLoggerFactory]
2021-05-20 10:30:52,363 INFO hive.HiveImport: 2021-05-20 10:30:52,337 [myid:] - INFO  [main:HiveConf@187] - Found configuration file null
2021-05-20 10:30:55,224 INFO hive.HiveImport: 2021-05-20 10:30:55,214 [myid:] - WARN  [main:LogUtils@187] - DEPRECATED: Ignoring hive-default.xml found on the CLASSPATH at /opt/hive/conf/hive-default.xml
2021-05-20 10:30:55,224 INFO hive.HiveImport: 2021-05-20 10:30:55,215 [myid:] - WARN  [main:LogUtils@192] - hive-site.xml not found on CLASSPATH
2021-05-20 10:30:55,306 INFO hive.HiveImport: Hive Session ID = 486ef190-8a6e-4e0e-a4a8-8c1013fe4d3b
2021-05-20 10:30:55,320 INFO hive.HiveImport: 2021-05-20 10:30:55,320 [myid:] - INFO  [main:SessionState$LogHelper@1224] - Hive Session ID = 486ef190-8a6e-4e0e-a4a8-8c1013fe4d3b
2021-05-20 10:30:55,458 INFO hive.HiveImport: 
2021-05-20 10:30:55,458 INFO hive.HiveImport: Logging initialized using configuration in jar:file:/opt/hive/lib/hive-common-3.1.1.jar!/hive-log4j2.properties Async: true
2021-05-20 10:30:55,458 INFO hive.HiveImport: 2021-05-20 10:30:55,446 [myid:] - INFO  [main:SessionState$LogHelper@1224] - 
2021-05-20 10:30:55,458 INFO hive.HiveImport: Logging initialized using configuration in jar:file:/opt/hive/lib/hive-common-3.1.1.jar!/hive-log4j2.properties Async: true
2021-05-20 10:30:56,600 INFO hive.HiveImport: 2021-05-20 10:30:56,600 [myid:] - INFO  [main:SessionState@787] - Created HDFS directory: /tmp/hive/hadoop/486ef190-8a6e-4e0e-a4a8-8c1013fe4d3b
2021-05-20 10:30:56,633 INFO hive.HiveImport: 2021-05-20 10:30:56,633 [myid:] - INFO  [main:SessionState@787] - Created local directory: /tmp/hadoop/486ef190-8a6e-4e0e-a4a8-8c1013fe4d3b
2021-05-20 10:30:56,658 INFO hive.HiveImport: 2021-05-20 10:30:56,643 [myid:] - INFO  [main:SessionState@787] - Created HDFS directory: /tmp/hive/hadoop/486ef190-8a6e-4e0e-a4a8-8c1013fe4d3b/_tmp_space.db
2021-05-20 10:30:56,658 INFO hive.HiveImport: 2021-05-20 10:30:56,654 [myid:] - INFO  [main:HiveConf@5034] - Using the default value passed in for log id: 486ef190-8a6e-4e0e-a4a8-8c1013fe4d3b
2021-05-20 10:30:56,658 INFO hive.HiveImport: 2021-05-20 10:30:56,654 [myid:] - INFO  [main:SessionState@438] - Updating thread name to 486ef190-8a6e-4e0e-a4a8-8c1013fe4d3b main
2021-05-20 10:30:57,762 INFO hive.HiveImport: 2021-05-20 10:30:57,753 [myid:] - INFO  [486ef190-8a6e-4e0e-a4a8-8c1013fe4d3b main:HiveMetaStore$HMSHandler@717] - 0: Opening raw store with implementation class:org.apache.hadoop.hive.metastore.ObjectStore
2021-05-20 10:30:57,855 INFO hive.HiveImport: 2021-05-20 10:30:57,840 [myid:] - WARN  [486ef190-8a6e-4e0e-a4a8-8c1013fe4d3b main:ObjectStore@638] - datanucleus.autoStartMechanismMode is set to unsupported value null . Setting it to value: ignored
2021-05-20 10:30:57,856 INFO hive.HiveImport: 2021-05-20 10:30:57,845 [myid:] - INFO  [486ef190-8a6e-4e0e-a4a8-8c1013fe4d3b main:ObjectStore@481] - ObjectStore, initialize called
2021-05-20 10:30:57,856 INFO hive.HiveImport: 2021-05-20 10:30:57,846 [myid:] - INFO  [486ef190-8a6e-4e0e-a4a8-8c1013fe4d3b main:MetastoreConf@1233] - Unable to find config file hive-site.xml
2021-05-20 10:30:57,856 INFO hive.HiveImport: 2021-05-20 10:30:57,846 [myid:] - INFO  [486ef190-8a6e-4e0e-a4a8-8c1013fe4d3b main:MetastoreConf@1240] - Found configuration file null
2021-05-20 10:30:57,856 INFO hive.HiveImport: 2021-05-20 10:30:57,846 [myid:] - INFO  [486ef190-8a6e-4e0e-a4a8-8c1013fe4d3b main:MetastoreConf@1233] - Unable to find config file hivemetastore-site.xml
2021-05-20 10:30:57,856 INFO hive.HiveImport: 2021-05-20 10:30:57,847 [myid:] - INFO  [486ef190-8a6e-4e0e-a4a8-8c1013fe4d3b main:MetastoreConf@1240] - Found configuration file null
2021-05-20 10:30:57,856 INFO hive.HiveImport: 2021-05-20 10:30:57,848 [myid:] - INFO  [486ef190-8a6e-4e0e-a4a8-8c1013fe4d3b main:MetastoreConf@1233] - Unable to find config file metastore-site.xml
2021-05-20 10:30:57,856 INFO hive.HiveImport: 2021-05-20 10:30:57,848 [myid:] - INFO  [486ef190-8a6e-4e0e-a4a8-8c1013fe4d3b main:MetastoreConf@1240] - Found configuration file null
2021-05-20 10:30:58,245 INFO hive.HiveImport: 2021-05-20 10:30:58,188 [myid:] - INFO  [486ef190-8a6e-4e0e-a4a8-8c1013fe4d3b main:Log4JLogger@77] - Property datanucleus.cache.level2 unknown - will be ignored
2021-05-20 10:30:58,871 INFO hive.HiveImport: 2021-05-20 10:30:58,860 [myid:] - INFO  [486ef190-8a6e-4e0e-a4a8-8c1013fe4d3b main:HikariDataSource@71] - HikariPool-1 - Starting...
2021-05-20 10:30:58,871 INFO hive.HiveImport: 2021-05-20 10:30:58,864 [myid:] - WARN  [486ef190-8a6e-4e0e-a4a8-8c1013fe4d3b main:DriverDataSource@68] - Registered driver with driverClassName=org.apache.derby.jdbc.EmbeddedDriver was not found, trying direct instantiation.
2021-05-20 10:30:59,224 INFO hive.HiveImport: 2021-05-20 10:30:59,223 [myid:] - INFO  [486ef190-8a6e-4e0e-a4a8-8c1013fe4d3b main:PoolBase@503] - HikariPool-1 - Driver does not support get/set network timeout for connections. (Feature not implemented: No details.)
2021-05-20 10:30:59,244 INFO hive.HiveImport: 2021-05-20 10:30:59,228 [myid:] - INFO  [486ef190-8a6e-4e0e-a4a8-8c1013fe4d3b main:HikariDataSource@73] - HikariPool-1 - Start completed.
2021-05-20 10:30:59,331 INFO hive.HiveImport: 2021-05-20 10:30:59,330 [myid:] - INFO  [486ef190-8a6e-4e0e-a4a8-8c1013fe4d3b main:HikariDataSource@71] - HikariPool-2 - Starting...
2021-05-20 10:30:59,331 INFO hive.HiveImport: 2021-05-20 10:30:59,330 [myid:] - WARN  [486ef190-8a6e-4e0e-a4a8-8c1013fe4d3b main:DriverDataSource@68] - Registered driver with driverClassName=org.apache.derby.jdbc.EmbeddedDriver was not found, trying direct instantiation.
2021-05-20 10:30:59,413 INFO hive.HiveImport: 2021-05-20 10:30:59,413 [myid:] - INFO  [486ef190-8a6e-4e0e-a4a8-8c1013fe4d3b main:PoolBase@503] - HikariPool-2 - Driver does not support get/set network timeout for connections. (Feature not implemented: No details.)
2021-05-20 10:30:59,435 INFO hive.HiveImport: 2021-05-20 10:30:59,413 [myid:] - INFO  [486ef190-8a6e-4e0e-a4a8-8c1013fe4d3b main:HikariDataSource@73] - HikariPool-2 - Start completed.
2021-05-20 10:30:59,928 INFO hive.HiveImport: 2021-05-20 10:30:59,921 [myid:] - INFO  [486ef190-8a6e-4e0e-a4a8-8c1013fe4d3b main:ObjectStore@670] - Setting MetaStore object pin classes with hive.metastore.cache.pinobjtypes="Table,StorageDescriptor,SerDeInfo,Partition,Database,Type,FieldSchema,Order"
2021-05-20 10:31:00,167 INFO hive.HiveImport: 2021-05-20 10:31:00,139 [myid:] - INFO  [486ef190-8a6e-4e0e-a4a8-8c1013fe4d3b main:MetaStoreDirectSql@186] - Using direct SQL, underlying DB is DERBY
2021-05-20 10:31:00,167 INFO hive.HiveImport: 2021-05-20 10:31:00,141 [myid:] - INFO  [486ef190-8a6e-4e0e-a4a8-8c1013fe4d3b main:ObjectStore@396] - Initialized ObjectStore
2021-05-20 10:31:00,553 INFO hive.HiveImport: 2021-05-20 10:31:00,526 [myid:] - WARN  [486ef190-8a6e-4e0e-a4a8-8c1013fe4d3b main:Log4JLogger@96] - Metadata has jdbc-type of null yet this is not valid. Ignored
2021-05-20 10:31:00,553 INFO hive.HiveImport: 2021-05-20 10:31:00,526 [myid:] - WARN  [486ef190-8a6e-4e0e-a4a8-8c1013fe4d3b main:Log4JLogger@96] - Metadata has jdbc-type of null yet this is not valid. Ignored
2021-05-20 10:31:00,553 INFO hive.HiveImport: 2021-05-20 10:31:00,527 [myid:] - WARN  [486ef190-8a6e-4e0e-a4a8-8c1013fe4d3b main:Log4JLogger@96] - Metadata has jdbc-type of null yet this is not valid. Ignored
2021-05-20 10:31:00,553 INFO hive.HiveImport: 2021-05-20 10:31:00,527 [myid:] - WARN  [486ef190-8a6e-4e0e-a4a8-8c1013fe4d3b main:Log4JLogger@96] - Metadata has jdbc-type of null yet this is not valid. Ignored
2021-05-20 10:31:00,553 INFO hive.HiveImport: 2021-05-20 10:31:00,528 [myid:] - WARN  [486ef190-8a6e-4e0e-a4a8-8c1013fe4d3b main:Log4JLogger@96] - Metadata has jdbc-type of null yet this is not valid. Ignored
2021-05-20 10:31:00,553 INFO hive.HiveImport: 2021-05-20 10:31:00,528 [myid:] - WARN  [486ef190-8a6e-4e0e-a4a8-8c1013fe4d3b main:Log4JLogger@96] - Metadata has jdbc-type of null yet this is not valid. Ignored
2021-05-20 10:31:02,055 INFO hive.HiveImport: 2021-05-20 10:31:02,034 [myid:] - WARN  [486ef190-8a6e-4e0e-a4a8-8c1013fe4d3b main:Log4JLogger@96] - Metadata has jdbc-type of null yet this is not valid. Ignored
2021-05-20 10:31:02,055 INFO hive.HiveImport: 2021-05-20 10:31:02,034 [myid:] - WARN  [486ef190-8a6e-4e0e-a4a8-8c1013fe4d3b main:Log4JLogger@96] - Metadata has jdbc-type of null yet this is not valid. Ignored
2021-05-20 10:31:02,055 INFO hive.HiveImport: 2021-05-20 10:31:02,035 [myid:] - WARN  [486ef190-8a6e-4e0e-a4a8-8c1013fe4d3b main:Log4JLogger@96] - Metadata has jdbc-type of null yet this is not valid. Ignored
2021-05-20 10:31:02,055 INFO hive.HiveImport: 2021-05-20 10:31:02,035 [myid:] - WARN  [486ef190-8a6e-4e0e-a4a8-8c1013fe4d3b main:Log4JLogger@96] - Metadata has jdbc-type of null yet this is not valid. Ignored
2021-05-20 10:31:02,055 INFO hive.HiveImport: 2021-05-20 10:31:02,035 [myid:] - WARN  [486ef190-8a6e-4e0e-a4a8-8c1013fe4d3b main:Log4JLogger@96] - Metadata has jdbc-type of null yet this is not valid. Ignored
2021-05-20 10:31:02,055 INFO hive.HiveImport: 2021-05-20 10:31:02,036 [myid:] - WARN  [486ef190-8a6e-4e0e-a4a8-8c1013fe4d3b main:Log4JLogger@96] - Metadata has jdbc-type of null yet this is not valid. Ignored
2021-05-20 10:31:04,187 INFO hive.HiveImport: 2021-05-20 10:31:04,178 [myid:] - INFO  [486ef190-8a6e-4e0e-a4a8-8c1013fe4d3b main:HiveMetaStore$HMSHandler@812] - Added admin role in metastore
2021-05-20 10:31:04,187 INFO hive.HiveImport: 2021-05-20 10:31:04,179 [myid:] - INFO  [486ef190-8a6e-4e0e-a4a8-8c1013fe4d3b main:HiveMetaStore$HMSHandler@821] - Added public role in metastore
2021-05-20 10:31:04,261 INFO hive.HiveImport: 2021-05-20 10:31:04,254 [myid:] - INFO  [486ef190-8a6e-4e0e-a4a8-8c1013fe4d3b main:HiveMetaStore$HMSHandler@861] - No user is added in admin role, since config is empty
2021-05-20 10:31:04,441 INFO hive.HiveImport: 2021-05-20 10:31:04,433 [myid:] - INFO  [486ef190-8a6e-4e0e-a4a8-8c1013fe4d3b main:RetryingMetaStoreClient@97] - RetryingMetaStoreClient proxy=class org.apache.hadoop.hive.ql.metadata.SessionHiveMetaStoreClient ugi=hadoop (auth:SIMPLE) retries=1 delay=1 lifetime=0
2021-05-20 10:31:04,468 INFO hive.HiveImport: 2021-05-20 10:31:04,464 [myid:] - INFO  [486ef190-8a6e-4e0e-a4a8-8c1013fe4d3b main:HiveMetaStore$HMSHandler@895] - 0: get_all_functions
2021-05-20 10:31:04,468 INFO hive.HiveImport: 2021-05-20 10:31:04,466 [myid:] - INFO  [486ef190-8a6e-4e0e-a4a8-8c1013fe4d3b main:HiveMetaStore$HMSHandler@347] - ugi=hadoop	ip=unknown-ip-addr	cmd=get_all_functions	
2021-05-20 10:31:04,646 INFO hive.HiveImport: 2021-05-20 10:31:04,633 [myid:] - INFO  [486ef190-8a6e-4e0e-a4a8-8c1013fe4d3b main:HiveConf@5034] - Using the default value passed in for log id: 486ef190-8a6e-4e0e-a4a8-8c1013fe4d3b
2021-05-20 10:31:04,648 INFO hive.HiveImport: Hive Session ID = c971525b-ee55-40ab-891c-3d25d1adb6d5
2021-05-20 10:31:04,648 INFO hive.HiveImport: 2021-05-20 10:31:04,647 [myid:] - INFO  [pool-10-thread-1:SessionState$LogHelper@1224] - Hive Session ID = c971525b-ee55-40ab-891c-3d25d1adb6d5
2021-05-20 10:31:04,662 INFO hive.HiveImport: 2021-05-20 10:31:04,662 [myid:] - INFO  [pool-10-thread-1:SessionState@787] - Created HDFS directory: /tmp/hive/hadoop/c971525b-ee55-40ab-891c-3d25d1adb6d5
2021-05-20 10:31:04,665 INFO hive.HiveImport: 2021-05-20 10:31:04,664 [myid:] - INFO  [pool-10-thread-1:SessionState@787] - Created local directory: /tmp/hadoop/c971525b-ee55-40ab-891c-3d25d1adb6d5
2021-05-20 10:31:04,705 INFO hive.HiveImport: 2021-05-20 10:31:04,705 [myid:] - INFO  [pool-10-thread-1:SessionState@787] - Created HDFS directory: /tmp/hive/hadoop/c971525b-ee55-40ab-891c-3d25d1adb6d5/_tmp_space.db
2021-05-20 10:31:04,706 INFO hive.HiveImport: 2021-05-20 10:31:04,706 [myid:] - INFO  [pool-10-thread-1:HiveMetaStore$HMSHandler@895] - 1: get_databases: @hive#
2021-05-20 10:31:04,709 INFO hive.HiveImport: 2021-05-20 10:31:04,706 [myid:] - INFO  [pool-10-thread-1:HiveMetaStore$HMSHandler@347] - ugi=hadoop	ip=unknown-ip-addr	cmd=get_databases: @hive#	
2021-05-20 10:31:04,709 INFO hive.HiveImport: 2021-05-20 10:31:04,709 [myid:] - INFO  [pool-10-thread-1:HiveMetaStore$HMSHandler@717] - 1: Opening raw store with implementation class:org.apache.hadoop.hive.metastore.ObjectStore
2021-05-20 10:31:04,725 INFO hive.HiveImport: 2021-05-20 10:31:04,725 [myid:] - INFO  [pool-10-thread-1:ObjectStore@481] - ObjectStore, initialize called
2021-05-20 10:31:04,733 INFO hive.HiveImport: 2021-05-20 10:31:04,733 [myid:] - INFO  [pool-10-thread-1:MetaStoreDirectSql@186] - Using direct SQL, underlying DB is DERBY
2021-05-20 10:31:04,734 INFO hive.HiveImport: 2021-05-20 10:31:04,733 [myid:] - INFO  [pool-10-thread-1:ObjectStore@396] - Initialized ObjectStore
2021-05-20 10:31:04,847 INFO hive.HiveImport: 2021-05-20 10:31:04,844 [myid:] - INFO  [pool-10-thread-1:HiveMetaStore$HMSHandler@895] - 1: get_tables_by_type: db=@hive#default pat=.*,type=MATERIALIZED_VIEW
2021-05-20 10:31:04,847 INFO hive.HiveImport: 2021-05-20 10:31:04,845 [myid:] - INFO  [pool-10-thread-1:HiveMetaStore$HMSHandler@347] - ugi=hadoop	ip=unknown-ip-addr	cmd=get_tables_by_type: db=@hive#default pat=.*,type=MATERIALIZED_VIEW	
2021-05-20 10:31:04,949 INFO hive.HiveImport: 2021-05-20 10:31:04,945 [myid:] - INFO  [486ef190-8a6e-4e0e-a4a8-8c1013fe4d3b main:Driver@554] - Compiling command(queryId=hadoop_20210520103104_dd93747a-6479-4b3a-b93d-7d9f1c628746): CREATE TABLE IF NOT EXISTS `customer` ( `CustomerID` INT, `TerritoryID` INT, `AccountNumber` STRING, `CustomerType` STRING, `rowguid` string, `ModifiedDate` STRING) COMMENT 'Imported by sqoop on 2021/05/20 10:30:48' ROW FORMAT DELIMITED FIELDS TERMINATED BY '\001' LINES TERMINATED BY '\012' STORED AS TEXTFILE
2021-05-20 10:31:05,036 INFO hive.HiveImport: 2021-05-20 10:31:05,035 [myid:] - INFO  [pool-10-thread-1:HiveMetaStore$HMSHandler@895] - 1: get_multi_table : db=default tbls=
2021-05-20 10:31:05,036 INFO hive.HiveImport: 2021-05-20 10:31:05,035 [myid:] - INFO  [pool-10-thread-1:HiveMetaStore$HMSHandler@347] - ugi=hadoop	ip=unknown-ip-addr	cmd=get_multi_table : db=default tbls=	
2021-05-20 10:31:05,060 INFO hive.HiveImport: 2021-05-20 10:31:05,060 [myid:] - INFO  [pool-10-thread-1:HiveMaterializedViewsRegistry$Loader@171] - Materialized views registry has been initialized
2021-05-20 10:31:06,120 INFO hive.HiveImport: 2021-05-20 10:31:06,109 [myid:] - INFO  [486ef190-8a6e-4e0e-a4a8-8c1013fe4d3b main:Driver@285] - Concurrency mode is disabled, not creating a lock manager
2021-05-20 10:31:06,120 INFO hive.HiveImport: 2021-05-20 10:31:06,112 [myid:] - INFO  [486ef190-8a6e-4e0e-a4a8-8c1013fe4d3b main:SemanticAnalyzer@12120] - Starting Semantic Analysis
2021-05-20 10:31:06,168 INFO hive.HiveImport: 2021-05-20 10:31:06,161 [myid:] - INFO  [486ef190-8a6e-4e0e-a4a8-8c1013fe4d3b main:SQLStdHiveAccessController@96] - Created SQLStdHiveAccessController for session context : HiveAuthzSessionContext [sessionString=486ef190-8a6e-4e0e-a4a8-8c1013fe4d3b, clientType=HIVECLI]
2021-05-20 10:31:06,168 INFO hive.HiveImport: 2021-05-20 10:31:06,163 [myid:] - WARN  [486ef190-8a6e-4e0e-a4a8-8c1013fe4d3b main:SessionState@947] - METASTORE_FILTER_HOOK will be ignored, since hive.security.authorization.manager is set to instance of HiveAuthorizerFactory.
2021-05-20 10:31:06,168 INFO hive.HiveImport: 2021-05-20 10:31:06,163 [myid:] - INFO  [486ef190-8a6e-4e0e-a4a8-8c1013fe4d3b main:HiveMetaStoreClient@346] - Mestastore configuration metastore.filter.hook changed from org.apache.hadoop.hive.metastore.DefaultMetaStoreFilterHookImpl to org.apache.hadoop.hive.ql.security.authorization.plugin.AuthorizationMetaStoreFilterHook
2021-05-20 10:31:06,168 INFO hive.HiveImport: 2021-05-20 10:31:06,165 [myid:] - INFO  [486ef190-8a6e-4e0e-a4a8-8c1013fe4d3b main:HiveMetaStore$HMSHandler@895] - 0: Cleaning up thread local RawStore...
2021-05-20 10:31:06,168 INFO hive.HiveImport: 2021-05-20 10:31:06,165 [myid:] - INFO  [486ef190-8a6e-4e0e-a4a8-8c1013fe4d3b main:HiveMetaStore$HMSHandler@347] - ugi=hadoop	ip=unknown-ip-addr	cmd=Cleaning up thread local RawStore...	
2021-05-20 10:31:06,168 INFO hive.HiveImport: 2021-05-20 10:31:06,165 [myid:] - INFO  [486ef190-8a6e-4e0e-a4a8-8c1013fe4d3b main:HiveMetaStore$HMSHandler@895] - 0: Done cleaning up thread local RawStore
2021-05-20 10:31:06,168 INFO hive.HiveImport: 2021-05-20 10:31:06,165 [myid:] - INFO  [486ef190-8a6e-4e0e-a4a8-8c1013fe4d3b main:HiveMetaStore$HMSHandler@347] - ugi=hadoop	ip=unknown-ip-addr	cmd=Done cleaning up thread local RawStore	
2021-05-20 10:31:06,192 INFO hive.HiveImport: 2021-05-20 10:31:06,192 [myid:] - INFO  [486ef190-8a6e-4e0e-a4a8-8c1013fe4d3b main:HiveMetaStore$HMSHandler@717] - 0: Opening raw store with implementation class:org.apache.hadoop.hive.metastore.ObjectStore
2021-05-20 10:31:06,192 INFO hive.HiveImport: 2021-05-20 10:31:06,192 [myid:] - WARN  [486ef190-8a6e-4e0e-a4a8-8c1013fe4d3b main:ObjectStore@638] - datanucleus.autoStartMechanismMode is set to unsupported value null . Setting it to value: ignored
2021-05-20 10:31:06,199 INFO hive.HiveImport: 2021-05-20 10:31:06,197 [myid:] - INFO  [486ef190-8a6e-4e0e-a4a8-8c1013fe4d3b main:ObjectStore@481] - ObjectStore, initialize called
2021-05-20 10:31:06,215 INFO hive.HiveImport: 2021-05-20 10:31:06,202 [myid:] - INFO  [486ef190-8a6e-4e0e-a4a8-8c1013fe4d3b main:MetaStoreDirectSql@186] - Using direct SQL, underlying DB is DERBY
2021-05-20 10:31:06,215 INFO hive.HiveImport: 2021-05-20 10:31:06,202 [myid:] - INFO  [486ef190-8a6e-4e0e-a4a8-8c1013fe4d3b main:ObjectStore@396] - Initialized ObjectStore
2021-05-20 10:31:06,215 INFO hive.HiveImport: 2021-05-20 10:31:06,203 [myid:] - INFO  [486ef190-8a6e-4e0e-a4a8-8c1013fe4d3b main:RetryingMetaStoreClient@97] - RetryingMetaStoreClient proxy=class org.apache.hadoop.hive.ql.metadata.SessionHiveMetaStoreClient ugi=hadoop (auth:SIMPLE) retries=1 delay=1 lifetime=0
2021-05-20 10:31:06,215 INFO hive.HiveImport: 2021-05-20 10:31:06,211 [myid:] - INFO  [486ef190-8a6e-4e0e-a4a8-8c1013fe4d3b main:SemanticAnalyzer@12990] - Creating table default.customer position=27
2021-05-20 10:31:06,291 INFO hive.HiveImport: 2021-05-20 10:31:06,278 [myid:] - WARN  [486ef190-8a6e-4e0e-a4a8-8c1013fe4d3b main:ObjectStore@638] - datanucleus.autoStartMechanismMode is set to unsupported value null . Setting it to value: ignored
2021-05-20 10:31:06,291 INFO hive.HiveImport: 2021-05-20 10:31:06,279 [myid:] - INFO  [486ef190-8a6e-4e0e-a4a8-8c1013fe4d3b main:ObjectStore@481] - ObjectStore, initialize called
2021-05-20 10:31:06,291 INFO hive.HiveImport: 2021-05-20 10:31:06,280 [myid:] - INFO  [486ef190-8a6e-4e0e-a4a8-8c1013fe4d3b main:MetaStoreDirectSql@186] - Using direct SQL, underlying DB is DERBY
2021-05-20 10:31:06,291 INFO hive.HiveImport: 2021-05-20 10:31:06,280 [myid:] - INFO  [486ef190-8a6e-4e0e-a4a8-8c1013fe4d3b main:ObjectStore@396] - Initialized ObjectStore
2021-05-20 10:31:06,291 INFO hive.HiveImport: 2021-05-20 10:31:06,281 [myid:] - INFO  [486ef190-8a6e-4e0e-a4a8-8c1013fe4d3b main:RetryingMetaStoreClient@97] - RetryingMetaStoreClient proxy=class org.apache.hadoop.hive.ql.metadata.SessionHiveMetaStoreClient ugi=hadoop (auth:SIMPLE) retries=1 delay=1 lifetime=0
2021-05-20 10:31:06,291 INFO hive.HiveImport: 2021-05-20 10:31:06,282 [myid:] - INFO  [486ef190-8a6e-4e0e-a4a8-8c1013fe4d3b main:HiveMetaStore$HMSHandler@895] - 0: get_table : tbl=hive.default.customer
2021-05-20 10:31:06,291 INFO hive.HiveImport: 2021-05-20 10:31:06,282 [myid:] - INFO  [486ef190-8a6e-4e0e-a4a8-8c1013fe4d3b main:HiveMetaStore$HMSHandler@347] - ugi=hadoop	ip=unknown-ip-addr	cmd=get_table : tbl=hive.default.customer	
2021-05-20 10:31:06,424 INFO hive.HiveImport: 2021-05-20 10:31:06,414 [myid:] - INFO  [486ef190-8a6e-4e0e-a4a8-8c1013fe4d3b main:HiveMetaStore$HMSHandler@895] - 0: get_database: @hive#default
2021-05-20 10:31:06,424 INFO hive.HiveImport: 2021-05-20 10:31:06,414 [myid:] - INFO  [486ef190-8a6e-4e0e-a4a8-8c1013fe4d3b main:HiveMetaStore$HMSHandler@347] - ugi=hadoop	ip=unknown-ip-addr	cmd=get_database: @hive#default	
2021-05-20 10:31:06,516 INFO hive.HiveImport: 2021-05-20 10:31:06,504 [myid:] - INFO  [486ef190-8a6e-4e0e-a4a8-8c1013fe4d3b main:Driver@666] - Semantic Analysis Completed (retrial = false)
2021-05-20 10:31:06,516 INFO hive.HiveImport: 2021-05-20 10:31:06,512 [myid:] - INFO  [486ef190-8a6e-4e0e-a4a8-8c1013fe4d3b main:Driver@374] - Returning Hive schema: Schema(fieldSchemas:null, properties:null)
2021-05-20 10:31:06,547 INFO hive.HiveImport: 2021-05-20 10:31:06,538 [myid:] - INFO  [486ef190-8a6e-4e0e-a4a8-8c1013fe4d3b main:Driver@781] - Completed compiling command(queryId=hadoop_20210520103104_dd93747a-6479-4b3a-b93d-7d9f1c628746); Time taken: 1.781 seconds
2021-05-20 10:31:06,547 INFO hive.HiveImport: 2021-05-20 10:31:06,539 [myid:] - INFO  [486ef190-8a6e-4e0e-a4a8-8c1013fe4d3b main:ReExecDriver@156] - Execution #1 of query
2021-05-20 10:31:06,547 INFO hive.HiveImport: 2021-05-20 10:31:06,539 [myid:] - INFO  [486ef190-8a6e-4e0e-a4a8-8c1013fe4d3b main:Driver@285] - Concurrency mode is disabled, not creating a lock manager
2021-05-20 10:31:06,547 INFO hive.HiveImport: 2021-05-20 10:31:06,539 [myid:] - INFO  [486ef190-8a6e-4e0e-a4a8-8c1013fe4d3b main:Driver@2255] - Executing command(queryId=hadoop_20210520103104_dd93747a-6479-4b3a-b93d-7d9f1c628746): CREATE TABLE IF NOT EXISTS `customer` ( `CustomerID` INT, `TerritoryID` INT, `AccountNumber` STRING, `CustomerType` STRING, `rowguid` string, `ModifiedDate` STRING) COMMENT 'Imported by sqoop on 2021/05/20 10:30:48' ROW FORMAT DELIMITED FIELDS TERMINATED BY '\001' LINES TERMINATED BY '\012' STORED AS TEXTFILE
2021-05-20 10:31:06,610 INFO hive.HiveImport: 2021-05-20 10:31:06,587 [myid:] - INFO  [486ef190-8a6e-4e0e-a4a8-8c1013fe4d3b main:Driver@2662] - Starting task [Stage-0:DDL] in serial mode
2021-05-20 10:31:06,611 INFO hive.HiveImport: 2021-05-20 10:31:06,588 [myid:] - INFO  [486ef190-8a6e-4e0e-a4a8-8c1013fe4d3b main:HiveMetaStoreClient@346] - Mestastore configuration metastore.filter.hook changed from org.apache.hadoop.hive.ql.security.authorization.plugin.AuthorizationMetaStoreFilterHook to org.apache.hadoop.hive.metastore.DefaultMetaStoreFilterHookImpl
2021-05-20 10:31:06,611 INFO hive.HiveImport: 2021-05-20 10:31:06,588 [myid:] - INFO  [486ef190-8a6e-4e0e-a4a8-8c1013fe4d3b main:HiveMetaStore$HMSHandler@895] - 0: Cleaning up thread local RawStore...
2021-05-20 10:31:06,611 INFO hive.HiveImport: 2021-05-20 10:31:06,588 [myid:] - INFO  [486ef190-8a6e-4e0e-a4a8-8c1013fe4d3b main:HiveMetaStore$HMSHandler@347] - ugi=hadoop	ip=unknown-ip-addr	cmd=Cleaning up thread local RawStore...	
2021-05-20 10:31:06,611 INFO hive.HiveImport: 2021-05-20 10:31:06,588 [myid:] - INFO  [486ef190-8a6e-4e0e-a4a8-8c1013fe4d3b main:HiveMetaStore$HMSHandler@895] - 0: Done cleaning up thread local RawStore
2021-05-20 10:31:06,611 INFO hive.HiveImport: 2021-05-20 10:31:06,588 [myid:] - INFO  [486ef190-8a6e-4e0e-a4a8-8c1013fe4d3b main:HiveMetaStore$HMSHandler@347] - ugi=hadoop	ip=unknown-ip-addr	cmd=Done cleaning up thread local RawStore	
2021-05-20 10:31:07,023 INFO hive.HiveImport: 2021-05-20 10:31:07,012 [myid:] - INFO  [486ef190-8a6e-4e0e-a4a8-8c1013fe4d3b main:HiveMetaStore$HMSHandler@717] - 0: Opening raw store with implementation class:org.apache.hadoop.hive.metastore.ObjectStore
2021-05-20 10:31:07,023 INFO hive.HiveImport: 2021-05-20 10:31:07,012 [myid:] - WARN  [486ef190-8a6e-4e0e-a4a8-8c1013fe4d3b main:ObjectStore@638] - datanucleus.autoStartMechanismMode is set to unsupported value null . Setting it to value: ignored
2021-05-20 10:31:07,023 INFO hive.HiveImport: 2021-05-20 10:31:07,012 [myid:] - INFO  [486ef190-8a6e-4e0e-a4a8-8c1013fe4d3b main:ObjectStore@481] - ObjectStore, initialize called
2021-05-20 10:31:07,023 INFO hive.HiveImport: 2021-05-20 10:31:07,014 [myid:] - INFO  [486ef190-8a6e-4e0e-a4a8-8c1013fe4d3b main:MetaStoreDirectSql@186] - Using direct SQL, underlying DB is DERBY
2021-05-20 10:31:07,023 INFO hive.HiveImport: 2021-05-20 10:31:07,014 [myid:] - INFO  [486ef190-8a6e-4e0e-a4a8-8c1013fe4d3b main:ObjectStore@396] - Initialized ObjectStore
2021-05-20 10:31:07,024 INFO hive.HiveImport: 2021-05-20 10:31:07,014 [myid:] - INFO  [486ef190-8a6e-4e0e-a4a8-8c1013fe4d3b main:RetryingMetaStoreClient@97] - RetryingMetaStoreClient proxy=class org.apache.hadoop.hive.ql.metadata.SessionHiveMetaStoreClient ugi=hadoop (auth:SIMPLE) retries=1 delay=1 lifetime=0
2021-05-20 10:31:07,024 INFO hive.HiveImport: 2021-05-20 10:31:07,015 [myid:] - INFO  [486ef190-8a6e-4e0e-a4a8-8c1013fe4d3b main:HiveMetaStore$HMSHandler@895] - 0: create_table: Table(tableName:customer, dbName:default, owner:hadoop, createTime:1621531866, lastAccessTime:0, retention:0, sd:StorageDescriptor(cols:[FieldSchema(name:customerid, type:int, comment:null), FieldSchema(name:territoryid, type:int, comment:null), FieldSchema(name:accountnumber, type:string, comment:null), FieldSchema(name:customertype, type:string, comment:null), FieldSchema(name:rowguid, type:string, comment:null), FieldSchema(name:modifieddate, type:string, comment:null)], location:null, inputFormat:org.apache.hadoop.mapred.TextInputFormat, outputFormat:org.apache.hadoop.hive.ql.io.HiveIgnoreKeyTextOutputFormat, compressed:false, numBuckets:-1, serdeInfo:SerDeInfo(name:null, serializationLib:org.apache.hadoop.hive.serde2.lazy.LazySimpleSerDe, parameters:{line.delim=
2021-05-20 10:31:07,024 INFO hive.HiveImport: , field.delim=, serialization.format=}), bucketCols:[], sortCols:[], parameters:{}, skewedInfo:SkewedInfo(skewedColNames:[], skewedColValues:[], skewedColValueLocationMaps:{}), storedAsSubDirectories:false), partitionKeys:[], parameters:{totalSize=0, numRows=0, rawDataSize=0, COLUMN_STATS_ACCURATE={"BASIC_STATS":"true","COLUMN_STATS":{"accountnumber":"true","customerid":"true","customertype":"true","modifieddate":"true","rowguid":"true","territoryid":"true"}}, numFiles=0, bucketing_version=2, comment=Imported by sqoop on 2021/05/20 10:30:48}, viewOriginalText:null, viewExpandedText:null, tableType:MANAGED_TABLE, privileges:PrincipalPrivilegeSet(userPrivileges:{hadoop=[PrivilegeGrantInfo(privilege:INSERT, createTime:-1, grantor:hadoop, grantorType:USER, grantOption:true), PrivilegeGrantInfo(privilege:SELECT, createTime:-1, grantor:hadoop, grantorType:USER, grantOption:true), PrivilegeGrantInfo(privilege:UPDATE, createTime:-1, grantor:hadoop, grantorType:USER, grantOption:true), PrivilegeGrantInfo(privilege:DELETE, createTime:-1, grantor:hadoop, grantorType:USER, grantOption:true)]}, groupPrivileges:null, rolePrivileges:null), temporary:false, catName:hive, ownerType:USER)
2021-05-20 10:31:07,024 INFO hive.HiveImport: 2021-05-20 10:31:07,015 [myid:] - INFO  [486ef190-8a6e-4e0e-a4a8-8c1013fe4d3b main:HiveMetaStore$HMSHandler@347] - ugi=hadoop	ip=unknown-ip-addr	cmd=create_table: Table(tableName:customer, dbName:default, owner:hadoop, createTime:1621531866, lastAccessTime:0, retention:0, sd:StorageDescriptor(cols:[FieldSchema(name:customerid, type:int, comment:null), FieldSchema(name:territoryid, type:int, comment:null), FieldSchema(name:accountnumber, type:string, comment:null), FieldSchema(name:customertype, type:string, comment:null), FieldSchema(name:rowguid, type:string, comment:null), FieldSchema(name:modifieddate, type:string, comment:null)], location:null, inputFormat:org.apache.hadoop.mapred.TextInputFormat, outputFormat:org.apache.hadoop.hive.ql.io.HiveIgnoreKeyTextOutputFormat, compressed:false, numBuckets:-1, serdeInfo:SerDeInfo(name:null, serializationLib:org.apache.hadoop.hive.serde2.lazy.LazySimpleSerDe, parameters:{line.delim=
2021-05-20 10:31:07,024 INFO hive.HiveImport: , field.delim=, serialization.format=}), bucketCols:[], sortCols:[], parameters:{}, skewedInfo:SkewedInfo(skewedColNames:[], skewedColValues:[], skewedColValueLocationMaps:{}), storedAsSubDirectories:false), partitionKeys:[], parameters:{totalSize=0, numRows=0, rawDataSize=0, COLUMN_STATS_ACCURATE={"BASIC_STATS":"true","COLUMN_STATS":{"accountnumber":"true","customerid":"true","customertype":"true","modifieddate":"true","rowguid":"true","territoryid":"true"}}, numFiles=0, bucketing_version=2, comment=Imported by sqoop on 2021/05/20 10:30:48}, viewOriginalText:null, viewExpandedText:null, tableType:MANAGED_TABLE, privileges:PrincipalPrivilegeSet(userPrivileges:{hadoop=[PrivilegeGrantInfo(privilege:INSERT, createTime:-1, grantor:hadoop, grantorType:USER, grantOption:true), PrivilegeGrantInfo(privilege:SELECT, createTime:-1, grantor:hadoop, grantorType:USER, grantOption:true), PrivilegeGrantInfo(privilege:UPDATE, createTime:-1, grantor:hadoop, grantorType:USER, grantOption:true), PrivilegeGrantInfo(privilege:DELETE, createTime:-1, grantor:hadoop, grantorType:USER, grantOption:true)]}, groupPrivileges:null, rolePrivileges:null), temporary:false, catName:hive, ownerType:USER)	
2021-05-20 10:31:07,033 INFO hive.HiveImport: 2021-05-20 10:31:07,030 [myid:] - INFO  [486ef190-8a6e-4e0e-a4a8-8c1013fe4d3b main:FileUtils@167] - Creating directory if it doesn't exist: hdfs://localhost:9000/user/hive/warehouse/customer
2021-05-20 10:31:07,926 INFO hive.HiveImport: 2021-05-20 10:31:07,914 [myid:] - INFO  [486ef190-8a6e-4e0e-a4a8-8c1013fe4d3b main:Driver@2531] - Completed executing command(queryId=hadoop_20210520103104_dd93747a-6479-4b3a-b93d-7d9f1c628746); Time taken: 1.375 seconds
2021-05-20 10:31:07,926 INFO hive.HiveImport: 2021-05-20 10:31:07,915 [myid:] - INFO  [486ef190-8a6e-4e0e-a4a8-8c1013fe4d3b main:SessionState$LogHelper@1224] - OK
2021-05-20 10:31:07,926 INFO hive.HiveImport: 2021-05-20 10:31:07,915 [myid:] - INFO  [486ef190-8a6e-4e0e-a4a8-8c1013fe4d3b main:Driver@285] - Concurrency mode is disabled, not creating a lock manager
2021-05-20 10:31:07,926 INFO hive.HiveImport: 2021-05-20 10:31:07,925 [myid:] - INFO  [486ef190-8a6e-4e0e-a4a8-8c1013fe4d3b main:SessionState$LogHelper@1224] - Time taken: 3.16 seconds
2021-05-20 10:31:07,926 INFO hive.HiveImport: OK
2021-05-20 10:31:07,942 INFO hive.HiveImport: Time taken: 3.16 seconds
2021-05-20 10:31:07,958 INFO hive.HiveImport: 2021-05-20 10:31:07,952 [myid:] - INFO  [486ef190-8a6e-4e0e-a4a8-8c1013fe4d3b main:HiveConf@5034] - Using the default value passed in for log id: 486ef190-8a6e-4e0e-a4a8-8c1013fe4d3b
2021-05-20 10:31:07,958 INFO hive.HiveImport: 2021-05-20 10:31:07,952 [myid:] - INFO  [486ef190-8a6e-4e0e-a4a8-8c1013fe4d3b main:SessionState@449] - Resetting thread name to  main
2021-05-20 10:31:07,958 INFO hive.HiveImport: 2021-05-20 10:31:07,952 [myid:] - INFO  [main:HiveConf@5034] - Using the default value passed in for log id: 486ef190-8a6e-4e0e-a4a8-8c1013fe4d3b
2021-05-20 10:31:07,958 INFO hive.HiveImport: 2021-05-20 10:31:07,952 [myid:] - INFO  [main:SessionState@438] - Updating thread name to 486ef190-8a6e-4e0e-a4a8-8c1013fe4d3b main
2021-05-20 10:31:07,958 INFO hive.HiveImport: 2021-05-20 10:31:07,954 [myid:] - INFO  [486ef190-8a6e-4e0e-a4a8-8c1013fe4d3b main:Driver@554] - Compiling command(queryId=hadoop_20210520103107_60def358-22a4-4bf6-9cc0-7c5e5a60ca32): 
2021-05-20 10:31:07,958 INFO hive.HiveImport: LOAD DATA INPATH 'hdfs://localhost:9000/user/hive/warehouse/adventureworks' INTO TABLE `customer`
2021-05-20 10:31:08,040 INFO hive.HiveImport: 2021-05-20 10:31:08,022 [myid:] - INFO  [486ef190-8a6e-4e0e-a4a8-8c1013fe4d3b main:HiveMetaStoreClient@346] - Mestastore configuration metastore.filter.hook changed from org.apache.hadoop.hive.metastore.DefaultMetaStoreFilterHookImpl to org.apache.hadoop.hive.ql.security.authorization.plugin.AuthorizationMetaStoreFilterHook
2021-05-20 10:31:08,040 INFO hive.HiveImport: 2021-05-20 10:31:08,023 [myid:] - INFO  [486ef190-8a6e-4e0e-a4a8-8c1013fe4d3b main:HiveMetaStore$HMSHandler@895] - 0: Cleaning up thread local RawStore...
2021-05-20 10:31:08,040 INFO hive.HiveImport: 2021-05-20 10:31:08,023 [myid:] - INFO  [486ef190-8a6e-4e0e-a4a8-8c1013fe4d3b main:HiveMetaStore$HMSHandler@347] - ugi=hadoop	ip=unknown-ip-addr	cmd=Cleaning up thread local RawStore...	
2021-05-20 10:31:08,040 INFO hive.HiveImport: 2021-05-20 10:31:08,023 [myid:] - INFO  [486ef190-8a6e-4e0e-a4a8-8c1013fe4d3b main:HiveMetaStore$HMSHandler@895] - 0: Done cleaning up thread local RawStore
2021-05-20 10:31:08,040 INFO hive.HiveImport: 2021-05-20 10:31:08,023 [myid:] - INFO  [486ef190-8a6e-4e0e-a4a8-8c1013fe4d3b main:HiveMetaStore$HMSHandler@347] - ugi=hadoop	ip=unknown-ip-addr	cmd=Done cleaning up thread local RawStore	
2021-05-20 10:31:08,040 INFO hive.HiveImport: 2021-05-20 10:31:08,023 [myid:] - INFO  [486ef190-8a6e-4e0e-a4a8-8c1013fe4d3b main:Driver@285] - Concurrency mode is disabled, not creating a lock manager
2021-05-20 10:31:08,040 INFO hive.HiveImport: 2021-05-20 10:31:08,029 [myid:] - INFO  [486ef190-8a6e-4e0e-a4a8-8c1013fe4d3b main:HiveMetaStore$HMSHandler@717] - 0: Opening raw store with implementation class:org.apache.hadoop.hive.metastore.ObjectStore
2021-05-20 10:31:08,040 INFO hive.HiveImport: 2021-05-20 10:31:08,029 [myid:] - WARN  [486ef190-8a6e-4e0e-a4a8-8c1013fe4d3b main:ObjectStore@638] - datanucleus.autoStartMechanismMode is set to unsupported value null . Setting it to value: ignored
2021-05-20 10:31:08,040 INFO hive.HiveImport: 2021-05-20 10:31:08,030 [myid:] - INFO  [486ef190-8a6e-4e0e-a4a8-8c1013fe4d3b main:ObjectStore@481] - ObjectStore, initialize called
2021-05-20 10:31:08,040 INFO hive.HiveImport: 2021-05-20 10:31:08,031 [myid:] - INFO  [486ef190-8a6e-4e0e-a4a8-8c1013fe4d3b main:MetaStoreDirectSql@186] - Using direct SQL, underlying DB is DERBY
2021-05-20 10:31:08,040 INFO hive.HiveImport: 2021-05-20 10:31:08,031 [myid:] - INFO  [486ef190-8a6e-4e0e-a4a8-8c1013fe4d3b main:ObjectStore@396] - Initialized ObjectStore
2021-05-20 10:31:08,040 INFO hive.HiveImport: 2021-05-20 10:31:08,032 [myid:] - INFO  [486ef190-8a6e-4e0e-a4a8-8c1013fe4d3b main:RetryingMetaStoreClient@97] - RetryingMetaStoreClient proxy=class org.apache.hadoop.hive.ql.metadata.SessionHiveMetaStoreClient ugi=hadoop (auth:SIMPLE) retries=1 delay=1 lifetime=0
2021-05-20 10:31:08,040 INFO hive.HiveImport: 2021-05-20 10:31:08,032 [myid:] - INFO  [486ef190-8a6e-4e0e-a4a8-8c1013fe4d3b main:HiveMetaStore$HMSHandler@895] - 0: get_table : tbl=hive.default.customer
2021-05-20 10:31:08,040 INFO hive.HiveImport: 2021-05-20 10:31:08,032 [myid:] - INFO  [486ef190-8a6e-4e0e-a4a8-8c1013fe4d3b main:HiveMetaStore$HMSHandler@347] - ugi=hadoop	ip=unknown-ip-addr	cmd=get_table : tbl=hive.default.customer	
2021-05-20 10:31:08,611 INFO hive.HiveImport: 2021-05-20 10:31:08,598 [myid:] - INFO  [486ef190-8a6e-4e0e-a4a8-8c1013fe4d3b main:Driver@666] - Semantic Analysis Completed (retrial = false)
2021-05-20 10:31:08,611 INFO hive.HiveImport: 2021-05-20 10:31:08,598 [myid:] - INFO  [486ef190-8a6e-4e0e-a4a8-8c1013fe4d3b main:Driver@374] - Returning Hive schema: Schema(fieldSchemas:null, properties:null)
2021-05-20 10:31:08,611 INFO hive.HiveImport: 2021-05-20 10:31:08,598 [myid:] - INFO  [486ef190-8a6e-4e0e-a4a8-8c1013fe4d3b main:Driver@781] - Completed compiling command(queryId=hadoop_20210520103107_60def358-22a4-4bf6-9cc0-7c5e5a60ca32); Time taken: 0.644 seconds
2021-05-20 10:31:08,611 INFO hive.HiveImport: 2021-05-20 10:31:08,598 [myid:] - INFO  [486ef190-8a6e-4e0e-a4a8-8c1013fe4d3b main:ReExecDriver@156] - Execution #1 of query
2021-05-20 10:31:08,611 INFO hive.HiveImport: 2021-05-20 10:31:08,598 [myid:] - INFO  [486ef190-8a6e-4e0e-a4a8-8c1013fe4d3b main:Driver@285] - Concurrency mode is disabled, not creating a lock manager
2021-05-20 10:31:08,611 INFO hive.HiveImport: 2021-05-20 10:31:08,598 [myid:] - INFO  [486ef190-8a6e-4e0e-a4a8-8c1013fe4d3b main:Driver@2255] - Executing command(queryId=hadoop_20210520103107_60def358-22a4-4bf6-9cc0-7c5e5a60ca32): 
2021-05-20 10:31:08,611 INFO hive.HiveImport: LOAD DATA INPATH 'hdfs://localhost:9000/user/hive/warehouse/adventureworks' INTO TABLE `customer`
2021-05-20 10:31:08,611 INFO hive.HiveImport: 2021-05-20 10:31:08,599 [myid:] - INFO  [486ef190-8a6e-4e0e-a4a8-8c1013fe4d3b main:Driver@2662] - Starting task [Stage-0:MOVE] in serial mode
2021-05-20 10:31:08,611 INFO hive.HiveImport: 2021-05-20 10:31:08,599 [myid:] - INFO  [486ef190-8a6e-4e0e-a4a8-8c1013fe4d3b main:HiveMetaStore$HMSHandler@895] - 0: Cleaning up thread local RawStore...
2021-05-20 10:31:08,611 INFO hive.HiveImport: 2021-05-20 10:31:08,599 [myid:] - INFO  [486ef190-8a6e-4e0e-a4a8-8c1013fe4d3b main:HiveMetaStore$HMSHandler@347] - ugi=hadoop	ip=unknown-ip-addr	cmd=Cleaning up thread local RawStore...	
2021-05-20 10:31:08,611 INFO hive.HiveImport: 2021-05-20 10:31:08,599 [myid:] - INFO  [486ef190-8a6e-4e0e-a4a8-8c1013fe4d3b main:HiveMetaStore$HMSHandler@895] - 0: Done cleaning up thread local RawStore
2021-05-20 10:31:08,611 INFO hive.HiveImport: 2021-05-20 10:31:08,599 [myid:] - INFO  [486ef190-8a6e-4e0e-a4a8-8c1013fe4d3b main:HiveMetaStore$HMSHandler@347] - ugi=hadoop	ip=unknown-ip-addr	cmd=Done cleaning up thread local RawStore	
2021-05-20 10:31:08,611 INFO hive.HiveImport: 2021-05-20 10:31:08,599 [myid:] - INFO  [486ef190-8a6e-4e0e-a4a8-8c1013fe4d3b main:SessionState$LogHelper@1224] - Loading data to table default.customer from hdfs://localhost:9000/user/hive/warehouse/adventureworks
2021-05-20 10:31:08,611 INFO hive.HiveImport: 2021-05-20 10:31:08,603 [myid:] - INFO  [486ef190-8a6e-4e0e-a4a8-8c1013fe4d3b main:HiveMetaStore$HMSHandler@717] - 0: Opening raw store with implementation class:org.apache.hadoop.hive.metastore.ObjectStore
2021-05-20 10:31:08,611 INFO hive.HiveImport: 2021-05-20 10:31:08,603 [myid:] - WARN  [486ef190-8a6e-4e0e-a4a8-8c1013fe4d3b main:ObjectStore@638] - datanucleus.autoStartMechanismMode is set to unsupported value null . Setting it to value: ignored
2021-05-20 10:31:08,611 INFO hive.HiveImport: 2021-05-20 10:31:08,603 [myid:] - INFO  [486ef190-8a6e-4e0e-a4a8-8c1013fe4d3b main:ObjectStore@481] - ObjectStore, initialize called
2021-05-20 10:31:08,611 INFO hive.HiveImport: 2021-05-20 10:31:08,605 [myid:] - INFO  [486ef190-8a6e-4e0e-a4a8-8c1013fe4d3b main:MetaStoreDirectSql@186] - Using direct SQL, underlying DB is DERBY
2021-05-20 10:31:08,611 INFO hive.HiveImport: 2021-05-20 10:31:08,605 [myid:] - INFO  [486ef190-8a6e-4e0e-a4a8-8c1013fe4d3b main:ObjectStore@396] - Initialized ObjectStore
2021-05-20 10:31:08,611 INFO hive.HiveImport: 2021-05-20 10:31:08,605 [myid:] - INFO  [486ef190-8a6e-4e0e-a4a8-8c1013fe4d3b main:RetryingMetaStoreClient@97] - RetryingMetaStoreClient proxy=class org.apache.hadoop.hive.ql.metadata.SessionHiveMetaStoreClient ugi=hadoop (auth:SIMPLE) retries=1 delay=1 lifetime=0
2021-05-20 10:31:08,611 INFO hive.HiveImport: 2021-05-20 10:31:08,605 [myid:] - INFO  [486ef190-8a6e-4e0e-a4a8-8c1013fe4d3b main:HiveMetaStore$HMSHandler@895] - 0: get_table : tbl=hive.default.customer
2021-05-20 10:31:08,611 INFO hive.HiveImport: 2021-05-20 10:31:08,606 [myid:] - INFO  [486ef190-8a6e-4e0e-a4a8-8c1013fe4d3b main:HiveMetaStore$HMSHandler@347] - ugi=hadoop	ip=unknown-ip-addr	cmd=get_table : tbl=hive.default.customer	
2021-05-20 10:31:08,611 INFO hive.HiveImport: Loading data to table default.customer
2021-05-20 10:31:08,662 INFO hive.HiveImport: 2021-05-20 10:31:08,648 [myid:] - INFO  [486ef190-8a6e-4e0e-a4a8-8c1013fe4d3b main:HiveMetaStore$HMSHandler@895] - 0: get_table : tbl=hive.default.customer
2021-05-20 10:31:08,662 INFO hive.HiveImport: 2021-05-20 10:31:08,648 [myid:] - INFO  [486ef190-8a6e-4e0e-a4a8-8c1013fe4d3b main:HiveMetaStore$HMSHandler@347] - ugi=hadoop	ip=unknown-ip-addr	cmd=get_table : tbl=hive.default.customer	
2021-05-20 10:31:08,818 INFO hive.HiveImport: 2021-05-20 10:31:08,803 [myid:] - INFO  [486ef190-8a6e-4e0e-a4a8-8c1013fe4d3b main:HiveMetaStore$HMSHandler@895] - 0: alter_table: hive.default.customer newtbl=customer
2021-05-20 10:31:08,818 INFO hive.HiveImport: 2021-05-20 10:31:08,803 [myid:] - INFO  [486ef190-8a6e-4e0e-a4a8-8c1013fe4d3b main:HiveMetaStore$HMSHandler@347] - ugi=hadoop	ip=unknown-ip-addr	cmd=alter_table: hive.default.customer newtbl=customer	
2021-05-20 10:31:08,953 INFO hive.HiveImport: 2021-05-20 10:31:08,936 [myid:] - INFO  [486ef190-8a6e-4e0e-a4a8-8c1013fe4d3b main:Driver@2662] - Starting task [Stage-1:STATS] in serial mode
2021-05-20 10:31:08,954 INFO hive.HiveImport: 2021-05-20 10:31:08,937 [myid:] - INFO  [486ef190-8a6e-4e0e-a4a8-8c1013fe4d3b main:HiveMetaStore$HMSHandler@895] - 0: Cleaning up thread local RawStore...
2021-05-20 10:31:08,954 INFO hive.HiveImport: 2021-05-20 10:31:08,937 [myid:] - INFO  [486ef190-8a6e-4e0e-a4a8-8c1013fe4d3b main:HiveMetaStore$HMSHandler@347] - ugi=hadoop	ip=unknown-ip-addr	cmd=Cleaning up thread local RawStore...	
2021-05-20 10:31:08,954 INFO hive.HiveImport: 2021-05-20 10:31:08,937 [myid:] - INFO  [486ef190-8a6e-4e0e-a4a8-8c1013fe4d3b main:HiveMetaStore$HMSHandler@895] - 0: Done cleaning up thread local RawStore
2021-05-20 10:31:08,954 INFO hive.HiveImport: 2021-05-20 10:31:08,937 [myid:] - INFO  [486ef190-8a6e-4e0e-a4a8-8c1013fe4d3b main:HiveMetaStore$HMSHandler@347] - ugi=hadoop	ip=unknown-ip-addr	cmd=Done cleaning up thread local RawStore	
2021-05-20 10:31:08,954 INFO hive.HiveImport: 2021-05-20 10:31:08,937 [myid:] - INFO  [486ef190-8a6e-4e0e-a4a8-8c1013fe4d3b main:BasicStatsTask@96] - Executing stats task
2021-05-20 10:31:08,954 INFO hive.HiveImport: 2021-05-20 10:31:08,940 [myid:] - INFO  [486ef190-8a6e-4e0e-a4a8-8c1013fe4d3b main:HiveMetaStore$HMSHandler@717] - 0: Opening raw store with implementation class:org.apache.hadoop.hive.metastore.ObjectStore
2021-05-20 10:31:08,954 INFO hive.HiveImport: 2021-05-20 10:31:08,941 [myid:] - WARN  [486ef190-8a6e-4e0e-a4a8-8c1013fe4d3b main:ObjectStore@638] - datanucleus.autoStartMechanismMode is set to unsupported value null . Setting it to value: ignored
2021-05-20 10:31:08,954 INFO hive.HiveImport: 2021-05-20 10:31:08,941 [myid:] - INFO  [486ef190-8a6e-4e0e-a4a8-8c1013fe4d3b main:ObjectStore@481] - ObjectStore, initialize called
2021-05-20 10:31:08,954 INFO hive.HiveImport: 2021-05-20 10:31:08,942 [myid:] - INFO  [486ef190-8a6e-4e0e-a4a8-8c1013fe4d3b main:MetaStoreDirectSql@186] - Using direct SQL, underlying DB is DERBY
2021-05-20 10:31:08,954 INFO hive.HiveImport: 2021-05-20 10:31:08,942 [myid:] - INFO  [486ef190-8a6e-4e0e-a4a8-8c1013fe4d3b main:ObjectStore@396] - Initialized ObjectStore
2021-05-20 10:31:08,954 INFO hive.HiveImport: 2021-05-20 10:31:08,943 [myid:] - INFO  [486ef190-8a6e-4e0e-a4a8-8c1013fe4d3b main:RetryingMetaStoreClient@97] - RetryingMetaStoreClient proxy=class org.apache.hadoop.hive.ql.metadata.SessionHiveMetaStoreClient ugi=hadoop (auth:SIMPLE) retries=1 delay=1 lifetime=0
2021-05-20 10:31:08,954 INFO hive.HiveImport: 2021-05-20 10:31:08,943 [myid:] - INFO  [486ef190-8a6e-4e0e-a4a8-8c1013fe4d3b main:HiveMetaStore$HMSHandler@895] - 0: get_table : tbl=hive.default.customer
2021-05-20 10:31:08,954 INFO hive.HiveImport: 2021-05-20 10:31:08,943 [myid:] - INFO  [486ef190-8a6e-4e0e-a4a8-8c1013fe4d3b main:HiveMetaStore$HMSHandler@347] - ugi=hadoop	ip=unknown-ip-addr	cmd=get_table : tbl=hive.default.customer	
2021-05-20 10:31:09,017 INFO hive.HiveImport: 2021-05-20 10:31:08,987 [myid:] - INFO  [486ef190-8a6e-4e0e-a4a8-8c1013fe4d3b main:HiveMetaStore$HMSHandler@895] - 0: alter_table: hive.default.customer newtbl=customer
2021-05-20 10:31:09,017 INFO hive.HiveImport: 2021-05-20 10:31:08,988 [myid:] - INFO  [486ef190-8a6e-4e0e-a4a8-8c1013fe4d3b main:HiveMetaStore$HMSHandler@347] - ugi=hadoop	ip=unknown-ip-addr	cmd=alter_table: hive.default.customer newtbl=customer	
2021-05-20 10:31:09,152 INFO hive.HiveImport: 2021-05-20 10:31:09,133 [myid:] - INFO  [486ef190-8a6e-4e0e-a4a8-8c1013fe4d3b main:BasicStatsTask@280] - Table default.customer stats: [numFiles=4, numRows=0, totalSize=1746278, rawDataSize=0]
2021-05-20 10:31:09,153 INFO hive.HiveImport: 2021-05-20 10:31:09,134 [myid:] - INFO  [486ef190-8a6e-4e0e-a4a8-8c1013fe4d3b main:Driver@2531] - Completed executing command(queryId=hadoop_20210520103107_60def358-22a4-4bf6-9cc0-7c5e5a60ca32); Time taken: 0.536 seconds
2021-05-20 10:31:09,153 INFO hive.HiveImport: 2021-05-20 10:31:09,134 [myid:] - INFO  [486ef190-8a6e-4e0e-a4a8-8c1013fe4d3b main:SessionState$LogHelper@1224] - OK
2021-05-20 10:31:09,153 INFO hive.HiveImport: 2021-05-20 10:31:09,134 [myid:] - INFO  [486ef190-8a6e-4e0e-a4a8-8c1013fe4d3b main:Driver@285] - Concurrency mode is disabled, not creating a lock manager
2021-05-20 10:31:09,153 INFO hive.HiveImport: 2021-05-20 10:31:09,144 [myid:] - INFO  [486ef190-8a6e-4e0e-a4a8-8c1013fe4d3b main:SessionState$LogHelper@1224] - Time taken: 1.18 seconds
2021-05-20 10:31:09,153 INFO hive.HiveImport: OK
2021-05-20 10:31:09,153 INFO hive.HiveImport: Time taken: 1.18 seconds
2021-05-20 10:31:09,194 INFO hive.HiveImport: 2021-05-20 10:31:09,188 [myid:] - INFO  [486ef190-8a6e-4e0e-a4a8-8c1013fe4d3b main:HiveConf@5034] - Using the default value passed in for log id: 486ef190-8a6e-4e0e-a4a8-8c1013fe4d3b
2021-05-20 10:31:09,194 INFO hive.HiveImport: 2021-05-20 10:31:09,188 [myid:] - INFO  [486ef190-8a6e-4e0e-a4a8-8c1013fe4d3b main:SessionState@449] - Resetting thread name to  main
2021-05-20 10:31:09,194 INFO hive.HiveImport: 2021-05-20 10:31:09,188 [myid:] - INFO  [main:HiveConf@5034] - Using the default value passed in for log id: 486ef190-8a6e-4e0e-a4a8-8c1013fe4d3b
2021-05-20 10:31:09,245 INFO hive.HiveImport: 2021-05-20 10:31:09,235 [myid:] - INFO  [main:SessionState@882] - Deleted directory: /tmp/hive/hadoop/486ef190-8a6e-4e0e-a4a8-8c1013fe4d3b on fs with scheme hdfs
2021-05-20 10:31:09,245 INFO hive.HiveImport: 2021-05-20 10:31:09,239 [myid:] - INFO  [main:SessionState@882] - Deleted directory: /tmp/hadoop/486ef190-8a6e-4e0e-a4a8-8c1013fe4d3b on fs with scheme file
2021-05-20 10:31:09,245 INFO hive.HiveImport: 2021-05-20 10:31:09,244 [myid:] - INFO  [main:HiveMetaStore$HMSHandler@895] - 0: Cleaning up thread local RawStore...
2021-05-20 10:31:09,245 INFO hive.HiveImport: 2021-05-20 10:31:09,244 [myid:] - INFO  [main:HiveMetaStore$HMSHandler@347] - ugi=hadoop	ip=unknown-ip-addr	cmd=Cleaning up thread local RawStore...	
2021-05-20 10:31:09,245 INFO hive.HiveImport: 2021-05-20 10:31:09,245 [myid:] - INFO  [main:HiveMetaStore$HMSHandler@895] - 0: Done cleaning up thread local RawStore
2021-05-20 10:31:09,245 INFO hive.HiveImport: 2021-05-20 10:31:09,245 [myid:] - INFO  [main:HiveMetaStore$HMSHandler@347] - ugi=hadoop	ip=unknown-ip-addr	cmd=Done cleaning up thread local RawStore	
2021-05-20 10:31:09,798 INFO hive.HiveImport: Hive import complete.
2021-05-20 10:31:09,806 INFO hive.HiveImport: Export directory is contains the _SUCCESS file only, removing the directory.


[hadoop@dataserver ~]$ hive
SLF4J: Class path contains multiple SLF4J bindings.
SLF4J: Found binding in [jar:file:/opt/hive/lib/log4j-slf4j-impl-2.10.0.jar!/org/slf4j/impl/StaticLoggerBinder.class]
SLF4J: Found binding in [jar:file:/opt/hadoop/share/hadoop/common/lib/slf4j-log4j12-1.7.25.jar!/org/slf4j/impl/StaticLoggerBinder.class]
SLF4J: See http://www.slf4j.org/codes.html#multiple_bindings for an explanation.
SLF4J: Actual binding is of type [org.apache.logging.slf4j.Log4jLoggerFactory]
Hive Session ID = 88214dbc-8125-4fca-a1d8-e067f5928ef9

Logging initialized using configuration in jar:file:/opt/hive/lib/hive-common-3.1.1.jar!/hive-log4j2.properties Async: true
2021-05-20 10:34:47,526 INFO  [88214dbc-8125-4fca-a1d8-e067f5928ef9 main] DataNucleus.Persistence: Property datanucleus.cache.level2 unknown - will be ignored
2021-05-20 10:34:49,519 WARN  [88214dbc-8125-4fca-a1d8-e067f5928ef9 main] DataNucleus.MetaData: Metadata has jdbc-type of null yet this is not valid. Ignored
2021-05-20 10:34:49,520 WARN  [88214dbc-8125-4fca-a1d8-e067f5928ef9 main] DataNucleus.MetaData: Metadata has jdbc-type of null yet this is not valid. Ignored
2021-05-20 10:34:49,520 WARN  [88214dbc-8125-4fca-a1d8-e067f5928ef9 main] DataNucleus.MetaData: Metadata has jdbc-type of null yet this is not valid. Ignored
2021-05-20 10:34:49,520 WARN  [88214dbc-8125-4fca-a1d8-e067f5928ef9 main] DataNucleus.MetaData: Metadata has jdbc-type of null yet this is not valid. Ignored
2021-05-20 10:34:49,521 WARN  [88214dbc-8125-4fca-a1d8-e067f5928ef9 main] DataNucleus.MetaData: Metadata has jdbc-type of null yet this is not valid. Ignored
2021-05-20 10:34:49,521 WARN  [88214dbc-8125-4fca-a1d8-e067f5928ef9 main] DataNucleus.MetaData: Metadata has jdbc-type of null yet this is not valid. Ignored
2021-05-20 10:34:51,125 WARN  [88214dbc-8125-4fca-a1d8-e067f5928ef9 main] DataNucleus.MetaData: Metadata has jdbc-type of null yet this is not valid. Ignored
2021-05-20 10:34:51,125 WARN  [88214dbc-8125-4fca-a1d8-e067f5928ef9 main] DataNucleus.MetaData: Metadata has jdbc-type of null yet this is not valid. Ignored
2021-05-20 10:34:51,126 WARN  [88214dbc-8125-4fca-a1d8-e067f5928ef9 main] DataNucleus.MetaData: Metadata has jdbc-type of null yet this is not valid. Ignored
2021-05-20 10:34:51,126 WARN  [88214dbc-8125-4fca-a1d8-e067f5928ef9 main] DataNucleus.MetaData: Metadata has jdbc-type of null yet this is not valid. Ignored
2021-05-20 10:34:51,126 WARN  [88214dbc-8125-4fca-a1d8-e067f5928ef9 main] DataNucleus.MetaData: Metadata has jdbc-type of null yet this is not valid. Ignored
2021-05-20 10:34:51,126 WARN  [88214dbc-8125-4fca-a1d8-e067f5928ef9 main] DataNucleus.MetaData: Metadata has jdbc-type of null yet this is not valid. Ignored
Hive-on-MR is deprecated in Hive 2 and may not be available in the future versions. Consider using a different execution engine (i.e. spark, tez) or using Hive 1.X releases.
Hive Session ID = 18acfa27-1452-47d2-82d2-8e0ddc209377
hive> show databases;
OK
default
Time taken: 0.79 seconds, Fetched: 1 row(s)
hive> use default;
OK
Time taken: 0.036 seconds
hive> show tables;
OK
customer
Time taken: 0.151 seconds, Fetched: 1 row(s)
hive> describe customer;
OK
customerid          	int                 	                    
territoryid         	int                 	                    
accountnumber       	string              	                    
customertype        	string              	                    
rowguid             	string              	                    
modifieddate        	string              	                    
Time taken: 0.46 seconds, Fetched: 6 row(s)


